# JRE version: Java(TM) SE Runtime Environment 18.9 (11.0.8+10) (build 11.0.8+10-LTS)
# Java VM: Java HotSpot(TM) 64-Bit Server VM 18.9 (11.0.8+10-LTS, mixed mode, tiered, compressed oops, g1 gc, windows-amd64)
Heap:
 garbage-first heap   total 374784K, used 41305K [0x0000000702800000, 0x0000000800000000)
  region size 1024K, 19 young (19456K), 14 survivors (14336K)
 Metaspace       used 58963K, capacity 61264K, committed 61480K, reserved 1101824K
  class space    used 7424K, capacity 8318K, committed 8428K, reserved 1048576K
GC Heap History (10 events):
Event: 2.567 GC heap before
{Heap before GC invocations=7 (full 0):
 garbage-first heap   total 260096K, used 162551K [0x0000000702800000, 0x0000000800000000)
  region size 1024K, 152 young (155648K), 10 survivors (10240K)
 Metaspace       used 46962K, capacity 48413K, committed 48464K, reserved 1091584K
  class space    used 5717K, capacity 6298K, committed 6304K, reserved 1048576K
}
Event: 2.576 GC heap after
{Heap after GC invocations=8 (full 0):
 garbage-first heap   total 312320K, used 24500K [0x0000000702800000, 0x0000000800000000)
  region size 1024K, 17 young (17408K), 17 survivors (17408K)
 Metaspace       used 46962K, capacity 48413K, committed 48464K, reserved 1091584K
  class space    used 5717K, capacity 6298K, committed 6304K, reserved 1048576K
}
Event: 2.792 GC heap before
{Heap before GC invocations=8 (full 0):
 garbage-first heap   total 312320K, used 194484K [0x0000000702800000, 0x0000000800000000)
  region size 1024K, 183 young (187392K), 17 survivors (17408K)
 Metaspace       used 47086K, capacity 48637K, committed 48848K, reserved 1091584K
  class space    used 5728K, capacity 6330K, committed 6432K, reserved 1048576K
}
Event: 2.801 GC heap after
{Heap after GC invocations=9 (full 0):
 garbage-first heap   total 312320K, used 26723K [0x0000000702800000, 0x0000000800000000)
  region size 1024K, 10 young (10240K), 10 survivors (10240K)
 Metaspace       used 47086K, capacity 48637K, committed 48848K, reserved 1091584K
  class space    used 5728K, capacity 6330K, committed 6432K, reserved 1048576K
}
Event: 2.972 GC heap before
{Heap before GC invocations=9 (full 0):
 garbage-first heap   total 312320K, used 203875K [0x0000000702800000, 0x0000000800000000)
  region size 1024K, 183 young (187392K), 10 survivors (10240K)
 Metaspace       used 47380K, capacity 48894K, committed 49104K, reserved 1091584K
  class space    used 5740K, capacity 6330K, committed 6432K, reserved 1048576K
}
Event: 2.977 GC heap after
{Heap after GC invocations=10 (full 0):
 garbage-first heap   total 312320K, used 28324K [0x0000000702800000, 0x0000000800000000)
  region size 1024K, 12 young (12288K), 12 survivors (12288K)
 Metaspace       used 47380K, capacity 48894K, committed 49104K, reserved 1091584K
  class space    used 5740K, capacity 6330K, committed 6432K, reserved 1048576K
}
Event: 3.149 GC heap before
{Heap before GC invocations=10 (full 0):
 garbage-first heap   total 312320K, used 203428K [0x0000000702800000, 0x0000000800000000)
  region size 1024K, 183 young (187392K), 12 survivors (12288K)
 Metaspace       used 47470K, capacity 48958K, committed 49104K, reserved 1091584K
  class space    used 5751K, capacity 6330K, committed 6432K, reserved 1048576K
}
Event: 3.155 GC heap after
{Heap after GC invocations=11 (full 0):
 garbage-first heap   total 312320K, used 29610K [0x0000000702800000, 0x0000000800000000)
  region size 1024K, 13 young (13312K), 13 survivors (13312K)
 Metaspace       used 47470K, capacity 48958K, committed 49104K, reserved 1091584K
  class space    used 5751K, capacity 6330K, committed 6432K, reserved 1048576K
}
Event: 17.543 GC heap before
{Heap before GC invocations=11 (full 0):
 garbage-first heap   total 312320K, used 200618K [0x0000000702800000, 0x0000000800000000)
  region size 1024K, 181 young (185344K), 13 survivors (13312K)
 Metaspace       used 58262K, capacity 60473K, committed 60508K, reserved 1101824K
  class space    used 7333K, capacity 8204K, committed 8224K, reserved 1048576K
}
Event: 17.560 GC heap after
{Heap after GC invocations=12 (full 0):
 garbage-first heap   total 374784K, used 37209K [0x0000000702800000, 0x0000000800000000)
  region size 1024K, 14 young (14336K), 14 survivors (14336K)
 Metaspace       used 58262K, capacity 60473K, committed 60508K, reserved 1101824K
  class space    used 7333K, capacity 8204K, committed 8224K, reserved 1048576K
}

