# JRE version: Java(TM) SE Runtime Environment 18.9 (11.0.8+10) (build 11.0.8+10-LTS)
# Java VM: Java HotSpot(TM) 64-Bit Server VM 18.9 (11.0.8+10-LTS, mixed mode, tiered, compressed oops, g1 gc, windows-amd64)
Heap:
 garbage-first heap   total 374784K, used 40733K [0x0000000702800000, 0x0000000800000000)
  region size 1024K, 17 young (17408K), 13 survivors (13312K)
 Metaspace       used 58789K, capacity 61111K, committed 61428K, reserved 1101824K
  class space    used 7394K, capacity 8310K, committed 8376K, reserved 1048576K
GC Heap History (10 events):
Event: 2.860 GC heap before
{Heap before GC invocations=8 (full 0):
 garbage-first heap   total 260096K, used 163910K [0x0000000702800000, 0x0000000800000000)
  region size 1024K, 152 young (155648K), 16 survivors (16384K)
 Metaspace       used 47002K, capacity 48511K, committed 48848K, reserved 1091584K
  class space    used 5726K, capacity 6330K, committed 6432K, reserved 1048576K
}
Event: 2.869 GC heap after
{Heap after GC invocations=9 (full 0):
 garbage-first heap   total 312320K, used 26454K [0x0000000702800000, 0x0000000800000000)
  region size 1024K, 10 young (10240K), 10 survivors (10240K)
 Metaspace       used 47002K, capacity 48511K, committed 48848K, reserved 1091584K
  class space    used 5726K, capacity 6330K, committed 6432K, reserved 1048576K
}
Event: 3.060 GC heap before
{Heap before GC invocations=9 (full 0):
 garbage-first heap   total 312320K, used 203606K [0x0000000702800000, 0x0000000800000000)
  region size 1024K, 183 young (187392K), 10 survivors (10240K)
 Metaspace       used 47310K, capacity 48832K, committed 49104K, reserved 1091584K
  class space    used 5738K, capacity 6330K, committed 6432K, reserved 1048576K
}
Event: 3.065 GC heap after
{Heap after GC invocations=10 (full 0):
 garbage-first heap   total 312320K, used 27787K [0x0000000702800000, 0x0000000800000000)
  region size 1024K, 11 young (11264K), 11 survivors (11264K)
 Metaspace       used 47310K, capacity 48832K, committed 49104K, reserved 1091584K
  class space    used 5738K, capacity 6330K, committed 6432K, reserved 1048576K
}
Event: 3.220 GC heap before
{Heap before GC invocations=10 (full 0):
 garbage-first heap   total 312320K, used 203915K [0x0000000702800000, 0x0000000800000000)
  region size 1024K, 183 young (187392K), 11 survivors (11264K)
 Metaspace       used 47411K, capacity 48896K, committed 49104K, reserved 1091584K
  class space    used 5751K, capacity 6330K, committed 6432K, reserved 1048576K
}
Event: 3.225 GC heap after
{Heap after GC invocations=11 (full 0):
 garbage-first heap   total 312320K, used 29141K [0x0000000702800000, 0x0000000800000000)
  region size 1024K, 12 young (12288K), 12 survivors (12288K)
 Metaspace       used 47411K, capacity 48896K, committed 49104K, reserved 1091584K
  class space    used 5751K, capacity 6330K, committed 6432K, reserved 1048576K
}
Event: 4.099 GC heap before
{Heap before GC invocations=11 (full 0):
 garbage-first heap   total 312320K, used 204245K [0x0000000702800000, 0x0000000800000000)
  region size 1024K, 183 young (187392K), 12 survivors (12288K)
 Metaspace       used 54391K, capacity 56165K, committed 56272K, reserved 1097728K
  class space    used 6723K, capacity 7401K, committed 7456K, reserved 1048576K
}
Event: 4.108 GC heap after
{Heap after GC invocations=12 (full 0):
 garbage-first heap   total 312320K, used 36309K [0x0000000702800000, 0x0000000800000000)
  region size 1024K, 19 young (19456K), 19 survivors (19456K)
 Metaspace       used 54391K, capacity 56165K, committed 56272K, reserved 1097728K
  class space    used 6723K, capacity 7401K, committed 7456K, reserved 1048576K
}
Event: 9.759 GC heap before
{Heap before GC invocations=12 (full 0):
 garbage-first heap   total 312320K, used 75221K [0x0000000702800000, 0x0000000800000000)
  region size 1024K, 58 young (59392K), 19 survivors (19456K)
 Metaspace       used 58247K, capacity 60475K, committed 60508K, reserved 1101824K
  class space    used 7324K, capacity 8205K, committed 8224K, reserved 1048576K
}
Event: 9.771 GC heap after
{Heap after GC invocations=13 (full 0):
 garbage-first heap   total 374784K, used 37661K [0x0000000702800000, 0x0000000800000000)
  region size 1024K, 13 young (13312K), 13 survivors (13312K)
 Metaspace       used 58247K, capacity 60475K, committed 60508K, reserved 1101824K
  class space    used 7324K, capacity 8205K, committed 8224K, reserved 1048576K
}

